27-Feb-2023 10:15:37.271 정보 [main] org.apache.catalina.startup.VersionLoggerListener.log 서버 버전 이름:    Apache Tomcat/9.0.72
27-Feb-2023 10:15:37.277 정보 [main] org.apache.catalina.startup.VersionLoggerListener.log Server 빌드 시각:  Feb 18 2023 09:25:13 UTC
27-Feb-2023 10:15:37.277 정보 [main] org.apache.catalina.startup.VersionLoggerListener.log Server 버전 번호:  9.0.72.0
27-Feb-2023 10:15:37.277 정보 [main] org.apache.catalina.startup.VersionLoggerListener.log 운영체제 이름:     Windows 10
27-Feb-2023 10:15:37.278 정보 [main] org.apache.catalina.startup.VersionLoggerListener.log 운영체제 버전:     10.0
27-Feb-2023 10:15:37.278 정보 [main] org.apache.catalina.startup.VersionLoggerListener.log 아키텍처:          amd64
27-Feb-2023 10:15:37.278 정보 [main] org.apache.catalina.startup.VersionLoggerListener.log 자바 홈:           C:\Program Files\Eclipse Adoptium\jdk-11.0.18.10-hotspot
27-Feb-2023 10:15:37.278 정보 [main] org.apache.catalina.startup.VersionLoggerListener.log JVM 버전:          11.0.18+10
27-Feb-2023 10:15:37.279 정보 [main] org.apache.catalina.startup.VersionLoggerListener.log JVM 벤더:          Eclipse Adoptium
27-Feb-2023 10:15:37.279 정보 [main] org.apache.catalina.startup.VersionLoggerListener.log CATALINA_BASE:     C:\Users\YTG\KDT_BE\spring\apache-tomcat-9.0.72
27-Feb-2023 10:15:37.279 정보 [main] org.apache.catalina.startup.VersionLoggerListener.log CATALINA_HOME:     C:\Users\YTG\KDT_BE\spring\apache-tomcat-9.0.72
27-Feb-2023 10:15:37.304 정보 [main] org.apache.catalina.startup.VersionLoggerListener.log 명령 행 아규먼트:  --add-opens=java.base/java.lang=ALL-UNNAMED
27-Feb-2023 10:15:37.304 정보 [main] org.apache.catalina.startup.VersionLoggerListener.log 명령 행 아규먼트:  --add-opens=java.base/java.io=ALL-UNNAMED
27-Feb-2023 10:15:37.305 정보 [main] org.apache.catalina.startup.VersionLoggerListener.log 명령 행 아규먼트:  --add-opens=java.base/java.util=ALL-UNNAMED
27-Feb-2023 10:15:37.305 정보 [main] org.apache.catalina.startup.VersionLoggerListener.log 명령 행 아규먼트:  --add-opens=java.base/java.util.concurrent=ALL-UNNAMED
27-Feb-2023 10:15:37.305 정보 [main] org.apache.catalina.startup.VersionLoggerListener.log 명령 행 아규먼트:  --add-opens=java.rmi/sun.rmi.transport=ALL-UNNAMED
27-Feb-2023 10:15:37.305 정보 [main] org.apache.catalina.startup.VersionLoggerListener.log 명령 행 아규먼트:  -Djava.util.logging.config.file=C:/Users/YTG/KDT_BE/spring/apache-tomcat-9.0.72/conf/logging.properties
27-Feb-2023 10:15:37.305 정보 [main] org.apache.catalina.startup.VersionLoggerListener.log 명령 행 아규먼트:  -Djava.util.logging.manager=org.apache.juli.ClassLoaderLogManager
27-Feb-2023 10:15:37.305 정보 [main] org.apache.catalina.startup.VersionLoggerListener.log 명령 행 아규먼트:  -Djdk.tls.ephemeralDHKeySize=2048
27-Feb-2023 10:15:37.306 정보 [main] org.apache.catalina.startup.VersionLoggerListener.log 명령 행 아규먼트:  -Djava.protocol.handler.pkgs=org.apache.catalina.webresources
27-Feb-2023 10:15:37.306 정보 [main] org.apache.catalina.startup.VersionLoggerListener.log 명령 행 아규먼트:  -Dorg.apache.catalina.security.SecurityListener.UMASK=0027
27-Feb-2023 10:15:37.306 정보 [main] org.apache.catalina.startup.VersionLoggerListener.log 명령 행 아규먼트:  -Dignore.endorsed.dirs=
27-Feb-2023 10:15:37.306 정보 [main] org.apache.catalina.startup.VersionLoggerListener.log 명령 행 아규먼트:  -Dcatalina.base=C:/Users/YTG/KDT_BE/spring/apache-tomcat-9.0.72
27-Feb-2023 10:15:37.306 정보 [main] org.apache.catalina.startup.VersionLoggerListener.log 명령 행 아규먼트:  -Dcatalina.home=C:/Users/YTG/KDT_BE/spring/apache-tomcat-9.0.72
27-Feb-2023 10:15:37.306 정보 [main] org.apache.catalina.startup.VersionLoggerListener.log 명령 행 아규먼트:  -Djava.io.tmpdir=C:/Users/YTG/KDT_BE/spring/apache-tomcat-9.0.72/temp
27-Feb-2023 10:15:37.311 정보 [main] org.apache.catalina.core.AprLifecycleListener.lifecycleEvent APR 버전 [1.7.2]을(를) 사용한, APR 기반 Apache Tomcat Native 라이브러리 [1.2.36]을(를) 로드했습니다.
27-Feb-2023 10:15:37.312 정보 [main] org.apache.catalina.core.AprLifecycleListener.lifecycleEvent APR 용량정보들: IPv6 [true], sendfile [true], accept filters [false], random [true], UDS [true].
27-Feb-2023 10:15:37.312 정보 [main] org.apache.catalina.core.AprLifecycleListener.lifecycleEvent APR/OpenSSL 설정: useAprConnector [false], useOpenSSL [true]
27-Feb-2023 10:15:37.319 정보 [main] org.apache.catalina.core.AprLifecycleListener.initializeSSL OpenSSL이 성공적으로 초기화되었습니다: [OpenSSL 1.1.1t  7 Feb 2023]
27-Feb-2023 10:15:37.650 정보 [main] org.apache.coyote.AbstractProtocol.init 프로토콜 핸들러 ["http-nio-8080"]을(를) 초기화합니다.
27-Feb-2023 10:15:37.690 정보 [main] org.apache.catalina.startup.Catalina.load [697] 밀리초 내에 서버가 초기화되었습니다.
27-Feb-2023 10:15:37.775 정보 [main] org.apache.catalina.core.StandardService.startInternal 서비스 [Catalina]을(를) 시작합니다.
27-Feb-2023 10:15:37.775 정보 [main] org.apache.catalina.core.StandardEngine.startInternal 서버 엔진을 시작합니다: [Apache Tomcat/9.0.72]
27-Feb-2023 10:15:37.793 정보 [main] org.apache.catalina.startup.HostConfig.deployDirectory 웹 애플리케이션 디렉토리 [C:\Users\YTG\KDT_BE\spring\apache-tomcat-9.0.72\webapps\docs]을(를) 배치합니다.
27-Feb-2023 10:15:38.338 경고 [main] org.apache.catalina.util.SessionIdGeneratorBase.createSecureRandom [SHA1PRNG] 알고리즘을 사용하여, 세션 ID를 생성하기 위한 SecureRandom 객체를 생성하는데, [128] 밀리초가 소요됐습니다.
27-Feb-2023 10:15:38.360 정보 [main] org.apache.catalina.startup.HostConfig.deployDirectory 웹 애플리케이션 디렉토리 [C:\Users\YTG\KDT_BE\spring\apache-tomcat-9.0.72\webapps\docs]에 대한 배치가 [568] 밀리초에 완료되었습니다.
27-Feb-2023 10:15:38.361 정보 [main] org.apache.catalina.startup.HostConfig.deployDirectory 웹 애플리케이션 디렉토리 [C:\Users\YTG\KDT_BE\spring\apache-tomcat-9.0.72\webapps\examples]을(를) 배치합니다.
27-Feb-2023 10:15:38.726 정보 [main] org.apache.catalina.startup.HostConfig.deployDirectory 웹 애플리케이션 디렉토리 [C:\Users\YTG\KDT_BE\spring\apache-tomcat-9.0.72\webapps\examples]에 대한 배치가 [364] 밀리초에 완료되었습니다.
27-Feb-2023 10:15:38.726 정보 [main] org.apache.catalina.startup.HostConfig.deployDirectory 웹 애플리케이션 디렉토리 [C:\Users\YTG\KDT_BE\spring\apache-tomcat-9.0.72\webapps\host-manager]을(를) 배치합니다.
27-Feb-2023 10:15:38.758 정보 [main] org.apache.catalina.startup.HostConfig.deployDirectory 웹 애플리케이션 디렉토리 [C:\Users\YTG\KDT_BE\spring\apache-tomcat-9.0.72\webapps\host-manager]에 대한 배치가 [32] 밀리초에 완료되었습니다.
27-Feb-2023 10:15:38.759 정보 [main] org.apache.catalina.startup.HostConfig.deployDirectory 웹 애플리케이션 디렉토리 [C:\Users\YTG\KDT_BE\spring\apache-tomcat-9.0.72\webapps\manager]을(를) 배치합니다.
27-Feb-2023 10:15:38.789 정보 [main] org.apache.catalina.startup.HostConfig.deployDirectory 웹 애플리케이션 디렉토리 [C:\Users\YTG\KDT_BE\spring\apache-tomcat-9.0.72\webapps\manager]에 대한 배치가 [30] 밀리초에 완료되었습니다.
27-Feb-2023 10:15:38.789 정보 [main] org.apache.catalina.startup.HostConfig.deployDirectory 웹 애플리케이션 디렉토리 [C:\Users\YTG\KDT_BE\spring\apache-tomcat-9.0.72\webapps\ROOT]을(를) 배치합니다.
27-Feb-2023 10:15:38.817 정보 [main] org.apache.catalina.startup.HostConfig.deployDirectory 웹 애플리케이션 디렉토리 [C:\Users\YTG\KDT_BE\spring\apache-tomcat-9.0.72\webapps\ROOT]에 대한 배치가 [28] 밀리초에 완료되었습니다.
27-Feb-2023 10:15:38.824 정보 [main] org.apache.coyote.AbstractProtocol.start 프로토콜 핸들러 ["http-nio-8080"]을(를) 시작합니다.
27-Feb-2023 10:15:38.971 정보 [main] org.apache.catalina.startup.Catalina.start 서버가 [1279] 밀리초 내에 시작되었습니다.
27-Feb-2023 10:17:09.880 정보 [main] org.apache.catalina.core.StandardServer.await 셧다운 포트를 통해 유효한 셧다운 명령을 받았습니다. 서버 인스턴스를 중지시킵니다.
27-Feb-2023 10:17:09.881 정보 [main] org.apache.coyote.AbstractProtocol.pause 프로토콜 핸들러 ["http-nio-8080"]을(를) 일시 정지 중
27-Feb-2023 10:17:09.992 정보 [main] org.apache.catalina.core.StandardService.stopInternal 서비스 [Catalina]을(를) 중지시킵니다.
27-Feb-2023 10:17:10.014 정보 [main] org.apache.coyote.AbstractProtocol.stop 프로토콜 핸들러 ["http-nio-8080"]을(를) 중지시킵니다.
27-Feb-2023 10:17:10.025 정보 [main] org.apache.coyote.AbstractProtocol.destroy 프로토콜 핸들러 ["http-nio-8080"]을(를) 소멸시킵니다.
27-Feb-2023 10:17:21.336 정보 [main] org.apache.catalina.startup.VersionLoggerListener.log 서버 버전 이름:    Apache Tomcat/9.0.72
27-Feb-2023 10:17:21.340 정보 [main] org.apache.catalina.startup.VersionLoggerListener.log Server 빌드 시각:  Feb 18 2023 09:25:13 UTC
27-Feb-2023 10:17:21.340 정보 [main] org.apache.catalina.startup.VersionLoggerListener.log Server 버전 번호:  9.0.72.0
27-Feb-2023 10:17:21.340 정보 [main] org.apache.catalina.startup.VersionLoggerListener.log 운영체제 이름:     Windows 10
27-Feb-2023 10:17:21.340 정보 [main] org.apache.catalina.startup.VersionLoggerListener.log 운영체제 버전:     10.0
27-Feb-2023 10:17:21.340 정보 [main] org.apache.catalina.startup.VersionLoggerListener.log 아키텍처:          amd64
27-Feb-2023 10:17:21.341 정보 [main] org.apache.catalina.startup.VersionLoggerListener.log 자바 홈:           C:\Program Files\Eclipse Adoptium\jdk-11.0.18.10-hotspot
27-Feb-2023 10:17:21.341 정보 [main] org.apache.catalina.startup.VersionLoggerListener.log JVM 버전:          11.0.18+10
27-Feb-2023 10:17:21.341 정보 [main] org.apache.catalina.startup.VersionLoggerListener.log JVM 벤더:          Eclipse Adoptium
27-Feb-2023 10:17:21.341 정보 [main] org.apache.catalina.startup.VersionLoggerListener.log CATALINA_BASE:     C:\Users\YTG\KDT_BE\spring\apache-tomcat-9.0.72
27-Feb-2023 10:17:21.341 정보 [main] org.apache.catalina.startup.VersionLoggerListener.log CATALINA_HOME:     C:\Users\YTG\KDT_BE\spring\apache-tomcat-9.0.72
27-Feb-2023 10:17:21.352 정보 [main] org.apache.catalina.startup.VersionLoggerListener.log 명령 행 아규먼트:  --add-opens=java.base/java.lang=ALL-UNNAMED
27-Feb-2023 10:17:21.352 정보 [main] org.apache.catalina.startup.VersionLoggerListener.log 명령 행 아규먼트:  --add-opens=java.base/java.io=ALL-UNNAMED
27-Feb-2023 10:17:21.352 정보 [main] org.apache.catalina.startup.VersionLoggerListener.log 명령 행 아규먼트:  --add-opens=java.base/java.util=ALL-UNNAMED
27-Feb-2023 10:17:21.353 정보 [main] org.apache.catalina.startup.VersionLoggerListener.log 명령 행 아규먼트:  --add-opens=java.base/java.util.concurrent=ALL-UNNAMED
27-Feb-2023 10:17:21.353 정보 [main] org.apache.catalina.startup.VersionLoggerListener.log 명령 행 아규먼트:  --add-opens=java.rmi/sun.rmi.transport=ALL-UNNAMED
27-Feb-2023 10:17:21.353 정보 [main] org.apache.catalina.startup.VersionLoggerListener.log 명령 행 아규먼트:  -Djava.util.logging.config.file=C:/Users/YTG/KDT_BE/spring/apache-tomcat-9.0.72/conf/logging.properties
27-Feb-2023 10:17:21.353 정보 [main] org.apache.catalina.startup.VersionLoggerListener.log 명령 행 아규먼트:  -Djava.util.logging.manager=org.apache.juli.ClassLoaderLogManager
27-Feb-2023 10:17:21.353 정보 [main] org.apache.catalina.startup.VersionLoggerListener.log 명령 행 아규먼트:  -Djdk.tls.ephemeralDHKeySize=2048
27-Feb-2023 10:17:21.353 정보 [main] org.apache.catalina.startup.VersionLoggerListener.log 명령 행 아규먼트:  -Djava.protocol.handler.pkgs=org.apache.catalina.webresources
27-Feb-2023 10:17:21.353 정보 [main] org.apache.catalina.startup.VersionLoggerListener.log 명령 행 아규먼트:  -Dorg.apache.catalina.security.SecurityListener.UMASK=0027
27-Feb-2023 10:17:21.353 정보 [main] org.apache.catalina.startup.VersionLoggerListener.log 명령 행 아규먼트:  -Dignore.endorsed.dirs=
27-Feb-2023 10:17:21.354 정보 [main] org.apache.catalina.startup.VersionLoggerListener.log 명령 행 아규먼트:  -Dcatalina.base=C:/Users/YTG/KDT_BE/spring/apache-tomcat-9.0.72
27-Feb-2023 10:17:21.354 정보 [main] org.apache.catalina.startup.VersionLoggerListener.log 명령 행 아규먼트:  -Dcatalina.home=C:/Users/YTG/KDT_BE/spring/apache-tomcat-9.0.72
27-Feb-2023 10:17:21.354 정보 [main] org.apache.catalina.startup.VersionLoggerListener.log 명령 행 아규먼트:  -Djava.io.tmpdir=C:/Users/YTG/KDT_BE/spring/apache-tomcat-9.0.72/temp
27-Feb-2023 10:17:21.358 정보 [main] org.apache.catalina.core.AprLifecycleListener.lifecycleEvent APR 버전 [1.7.2]을(를) 사용한, APR 기반 Apache Tomcat Native 라이브러리 [1.2.36]을(를) 로드했습니다.
27-Feb-2023 10:17:21.358 정보 [main] org.apache.catalina.core.AprLifecycleListener.lifecycleEvent APR 용량정보들: IPv6 [true], sendfile [true], accept filters [false], random [true], UDS [true].
27-Feb-2023 10:17:21.358 정보 [main] org.apache.catalina.core.AprLifecycleListener.lifecycleEvent APR/OpenSSL 설정: useAprConnector [false], useOpenSSL [true]
27-Feb-2023 10:17:21.363 정보 [main] org.apache.catalina.core.AprLifecycleListener.initializeSSL OpenSSL이 성공적으로 초기화되었습니다: [OpenSSL 1.1.1t  7 Feb 2023]
27-Feb-2023 10:17:21.673 정보 [main] org.apache.coyote.AbstractProtocol.init 프로토콜 핸들러 ["http-nio-8080"]을(를) 초기화합니다.
27-Feb-2023 10:17:21.702 정보 [main] org.apache.catalina.startup.Catalina.load [636] 밀리초 내에 서버가 초기화되었습니다.
27-Feb-2023 10:17:21.773 정보 [main] org.apache.catalina.core.StandardService.startInternal 서비스 [Catalina]을(를) 시작합니다.
27-Feb-2023 10:17:21.773 정보 [main] org.apache.catalina.core.StandardEngine.startInternal 서버 엔진을 시작합니다: [Apache Tomcat/9.0.72]
27-Feb-2023 10:17:21.789 정보 [main] org.apache.catalina.startup.HostConfig.deployDirectory 웹 애플리케이션 디렉토리 [C:\Users\YTG\KDT_BE\spring\apache-tomcat-9.0.72\webapps\docs]을(를) 배치합니다.
27-Feb-2023 10:17:22.277 경고 [main] org.apache.catalina.util.SessionIdGeneratorBase.createSecureRandom [SHA1PRNG] 알고리즘을 사용하여, 세션 ID를 생성하기 위한 SecureRandom 객체를 생성하는데, [127] 밀리초가 소요됐습니다.
27-Feb-2023 10:17:22.296 정보 [main] org.apache.catalina.startup.HostConfig.deployDirectory 웹 애플리케이션 디렉토리 [C:\Users\YTG\KDT_BE\spring\apache-tomcat-9.0.72\webapps\docs]에 대한 배치가 [508] 밀리초에 완료되었습니다.
27-Feb-2023 10:17:22.296 정보 [main] org.apache.catalina.startup.HostConfig.deployDirectory 웹 애플리케이션 디렉토리 [C:\Users\YTG\KDT_BE\spring\apache-tomcat-9.0.72\webapps\examples]을(를) 배치합니다.
27-Feb-2023 10:17:22.676 정보 [main] org.apache.catalina.startup.HostConfig.deployDirectory 웹 애플리케이션 디렉토리 [C:\Users\YTG\KDT_BE\spring\apache-tomcat-9.0.72\webapps\examples]에 대한 배치가 [380] 밀리초에 완료되었습니다.
27-Feb-2023 10:17:22.676 정보 [main] org.apache.catalina.startup.HostConfig.deployDirectory 웹 애플리케이션 디렉토리 [C:\Users\YTG\KDT_BE\spring\apache-tomcat-9.0.72\webapps\host-manager]을(를) 배치합니다.
27-Feb-2023 10:17:22.709 정보 [main] org.apache.catalina.startup.HostConfig.deployDirectory 웹 애플리케이션 디렉토리 [C:\Users\YTG\KDT_BE\spring\apache-tomcat-9.0.72\webapps\host-manager]에 대한 배치가 [33] 밀리초에 완료되었습니다.
27-Feb-2023 10:17:22.710 정보 [main] org.apache.catalina.startup.HostConfig.deployDirectory 웹 애플리케이션 디렉토리 [C:\Users\YTG\KDT_BE\spring\apache-tomcat-9.0.72\webapps\manager]을(를) 배치합니다.
27-Feb-2023 10:17:22.739 정보 [main] org.apache.catalina.startup.HostConfig.deployDirectory 웹 애플리케이션 디렉토리 [C:\Users\YTG\KDT_BE\spring\apache-tomcat-9.0.72\webapps\manager]에 대한 배치가 [29] 밀리초에 완료되었습니다.
27-Feb-2023 10:17:22.739 정보 [main] org.apache.catalina.startup.HostConfig.deployDirectory 웹 애플리케이션 디렉토리 [C:\Users\YTG\KDT_BE\spring\apache-tomcat-9.0.72\webapps\ROOT]을(를) 배치합니다.
27-Feb-2023 10:17:22.763 정보 [main] org.apache.catalina.startup.HostConfig.deployDirectory 웹 애플리케이션 디렉토리 [C:\Users\YTG\KDT_BE\spring\apache-tomcat-9.0.72\webapps\ROOT]에 대한 배치가 [24] 밀리초에 완료되었습니다.
27-Feb-2023 10:17:22.770 정보 [main] org.apache.coyote.AbstractProtocol.start 프로토콜 핸들러 ["http-nio-8080"]을(를) 시작합니다.
27-Feb-2023 10:17:22.913 정보 [main] org.apache.catalina.startup.Catalina.start 서버가 [1210] 밀리초 내에 시작되었습니다.
27-Feb-2023 10:24:09.751 INFO [main] org.apache.catalina.startup.VersionLoggerListener.log 서버 버전 이름:    Apache Tomcat/9.0.72
27-Feb-2023 10:24:09.751 INFO [main] org.apache.catalina.startup.VersionLoggerListener.log 서버 버전 이름:    Apache Tomcat/9.0.72
27-Feb-2023 10:24:09.761 INFO [main] org.apache.catalina.startup.VersionLoggerListener.log Server 빌드 시각:  Feb 18 2023 09:25:13 UTC
27-Feb-2023 10:24:09.761 INFO [main] org.apache.catalina.startup.VersionLoggerListener.log Server 빌드 시각:  Feb 18 2023 09:25:13 UTC
27-Feb-2023 10:24:09.763 INFO [main] org.apache.catalina.startup.VersionLoggerListener.log Server 버전 번호:  9.0.72.0
27-Feb-2023 10:24:09.763 INFO [main] org.apache.catalina.startup.VersionLoggerListener.log Server 버전 번호:  9.0.72.0
27-Feb-2023 10:24:09.764 INFO [main] org.apache.catalina.startup.VersionLoggerListener.log 운영체제 이름:     Windows 10
27-Feb-2023 10:24:09.763 INFO [main] org.apache.catalina.startup.VersionLoggerListener.log 운영체제 이름:     Windows 10
27-Feb-2023 10:24:09.765 INFO [main] org.apache.catalina.startup.VersionLoggerListener.log 운영체제 버전:     10.0
27-Feb-2023 10:24:09.765 INFO [main] org.apache.catalina.startup.VersionLoggerListener.log 운영체제 버전:     10.0
27-Feb-2023 10:24:09.767 INFO [main] org.apache.catalina.startup.VersionLoggerListener.log 아키텍처:          amd64
27-Feb-2023 10:24:09.765 INFO [main] org.apache.catalina.startup.VersionLoggerListener.log 아키텍처:          amd64
27-Feb-2023 10:24:09.767 INFO [main] org.apache.catalina.startup.VersionLoggerListener.log 자바 홈:           C:\Program Files\Java\jdk-17
27-Feb-2023 10:24:09.766 INFO [main] org.apache.catalina.startup.VersionLoggerListener.log 자바 홈:           C:\Program Files\Java\jdk-17
27-Feb-2023 10:24:09.768 INFO [main] org.apache.catalina.startup.VersionLoggerListener.log JVM 버전:          17.0.6+9-LTS-190
27-Feb-2023 10:24:09.766 INFO [main] org.apache.catalina.startup.VersionLoggerListener.log JVM 버전:          17.0.6+9-LTS-190
27-Feb-2023 10:24:09.768 INFO [main] org.apache.catalina.startup.VersionLoggerListener.log JVM 벤더:          Oracle Corporation
27-Feb-2023 10:24:09.766 INFO [main] org.apache.catalina.startup.VersionLoggerListener.log JVM 벤더:          Oracle Corporation
27-Feb-2023 10:24:09.768 INFO [main] org.apache.catalina.startup.VersionLoggerListener.log CATALINA_BASE:     C:\Users\YTG\KDT_BE\spring\apache-tomcat-9.0.72
27-Feb-2023 10:24:09.767 INFO [main] org.apache.catalina.startup.VersionLoggerListener.log CATALINA_BASE:     C:\Users\YTG\KDT_BE\spring\apache-tomcat-9.0.72
27-Feb-2023 10:24:09.767 INFO [main] org.apache.catalina.startup.VersionLoggerListener.log CATALINA_HOME:     C:\Users\YTG\KDT_BE\spring\apache-tomcat-9.0.72
27-Feb-2023 10:24:09.768 INFO [main] org.apache.catalina.startup.VersionLoggerListener.log CATALINA_HOME:     C:\Users\YTG\KDT_BE\spring\apache-tomcat-9.0.72
27-Feb-2023 10:24:09.788 INFO [main] org.apache.catalina.startup.VersionLoggerListener.log 명령 행 아규먼트:  --add-opens=java.base/java.lang=ALL-UNNAMED
27-Feb-2023 10:24:09.788 INFO [main] org.apache.catalina.startup.VersionLoggerListener.log 명령 행 아규먼트:  --add-opens=java.base/java.lang=ALL-UNNAMED
27-Feb-2023 10:24:09.789 INFO [main] org.apache.catalina.startup.VersionLoggerListener.log 명령 행 아규먼트:  --add-opens=java.base/java.io=ALL-UNNAMED
27-Feb-2023 10:24:09.789 INFO [main] org.apache.catalina.startup.VersionLoggerListener.log 명령 행 아규먼트:  --add-opens=java.base/java.io=ALL-UNNAMED
27-Feb-2023 10:24:09.793 INFO [main] org.apache.catalina.startup.VersionLoggerListener.log 명령 행 아규먼트:  --add-opens=java.base/java.util=ALL-UNNAMED
27-Feb-2023 10:24:09.793 INFO [main] org.apache.catalina.startup.VersionLoggerListener.log 명령 행 아규먼트:  --add-opens=java.base/java.util=ALL-UNNAMED
27-Feb-2023 10:24:09.796 INFO [main] org.apache.catalina.startup.VersionLoggerListener.log 명령 행 아규먼트:  --add-opens=java.base/java.util.concurrent=ALL-UNNAMED
27-Feb-2023 10:24:09.796 INFO [main] org.apache.catalina.startup.VersionLoggerListener.log 명령 행 아규먼트:  --add-opens=java.base/java.util.concurrent=ALL-UNNAMED
27-Feb-2023 10:24:09.797 INFO [main] org.apache.catalina.startup.VersionLoggerListener.log 명령 행 아규먼트:  --add-opens=java.rmi/sun.rmi.transport=ALL-UNNAMED
27-Feb-2023 10:24:09.798 INFO [main] org.apache.catalina.startup.VersionLoggerListener.log 명령 행 아규먼트:  -Djava.util.logging.config.file=C:\Users\YTG\KDT_BE\spring\apache-tomcat-9.0.72\conf\logging.properties
27-Feb-2023 10:24:09.798 INFO [main] org.apache.catalina.startup.VersionLoggerListener.log 명령 행 아규먼트:  --add-opens=java.rmi/sun.rmi.transport=ALL-UNNAMED
27-Feb-2023 10:24:09.799 INFO [main] org.apache.catalina.startup.VersionLoggerListener.log 명령 행 아규먼트:  -Djava.util.logging.manager=org.apache.juli.ClassLoaderLogManager
27-Feb-2023 10:24:09.800 INFO [main] org.apache.catalina.startup.VersionLoggerListener.log 명령 행 아규먼트:  -Djava.util.logging.config.file=C:\Users\YTG\KDT_BE\spring\apache-tomcat-9.0.72\conf\logging.properties
27-Feb-2023 10:24:09.800 INFO [main] org.apache.catalina.startup.VersionLoggerListener.log 명령 행 아규먼트:  -Djdk.tls.ephemeralDHKeySize=2048
27-Feb-2023 10:24:09.802 INFO [main] org.apache.catalina.startup.VersionLoggerListener.log 명령 행 아규먼트:  -Djava.protocol.handler.pkgs=org.apache.catalina.webresources
27-Feb-2023 10:24:09.803 INFO [main] org.apache.catalina.startup.VersionLoggerListener.log 명령 행 아규먼트:  -Djava.util.logging.manager=org.apache.juli.ClassLoaderLogManager
27-Feb-2023 10:24:09.803 INFO [main] org.apache.catalina.startup.VersionLoggerListener.log 명령 행 아규먼트:  -Dignore.endorsed.dirs=
27-Feb-2023 10:24:09.804 INFO [main] org.apache.catalina.startup.VersionLoggerListener.log 명령 행 아규먼트:  -Dcatalina.base=C:\Users\YTG\KDT_BE\spring\apache-tomcat-9.0.72
27-Feb-2023 10:24:09.805 INFO [main] org.apache.catalina.startup.VersionLoggerListener.log 명령 행 아규먼트:  -Djdk.tls.ephemeralDHKeySize=2048
27-Feb-2023 10:24:09.807 INFO [main] org.apache.catalina.startup.VersionLoggerListener.log 명령 행 아규먼트:  -Dcatalina.home=C:\Users\YTG\KDT_BE\spring\apache-tomcat-9.0.72
27-Feb-2023 10:24:09.808 INFO [main] org.apache.catalina.startup.VersionLoggerListener.log 명령 행 아규먼트:  -Djava.protocol.handler.pkgs=org.apache.catalina.webresources
27-Feb-2023 10:24:09.808 INFO [main] org.apache.catalina.startup.VersionLoggerListener.log 명령 행 아규먼트:  -Djava.io.tmpdir=C:\Users\YTG\KDT_BE\spring\apache-tomcat-9.0.72\temp
27-Feb-2023 10:24:09.810 INFO [main] org.apache.catalina.startup.VersionLoggerListener.log 명령 행 아규먼트:  -Dignore.endorsed.dirs=
27-Feb-2023 10:24:09.811 INFO [main] org.apache.catalina.startup.VersionLoggerListener.log 명령 행 아규먼트:  -Dcatalina.base=C:\Users\YTG\KDT_BE\spring\apache-tomcat-9.0.72
27-Feb-2023 10:24:09.812 INFO [main] org.apache.catalina.startup.VersionLoggerListener.log 명령 행 아규먼트:  -Dcatalina.home=C:\Users\YTG\KDT_BE\spring\apache-tomcat-9.0.72
27-Feb-2023 10:24:09.813 INFO [main] org.apache.catalina.startup.VersionLoggerListener.log 명령 행 아규먼트:  -Djava.io.tmpdir=C:\Users\YTG\KDT_BE\spring\apache-tomcat-9.0.72\temp
27-Feb-2023 10:24:09.813 INFO [main] org.apache.catalina.core.AprLifecycleListener.lifecycleEvent APR 버전 [1.7.2]을(를) 사용한, APR 기반 Apache Tomcat Native 라이브러리 [1.2.36]을(를) 로드했습니다.
27-Feb-2023 10:24:09.815 INFO [main] org.apache.catalina.core.AprLifecycleListener.lifecycleEvent APR 용량정보들: IPv6 [true], sendfile [true], accept filters [false], random [true], UDS [true].
27-Feb-2023 10:24:09.816 INFO [main] org.apache.catalina.core.AprLifecycleListener.lifecycleEvent APR/OpenSSL 설정: useAprConnector [false], useOpenSSL [true]
27-Feb-2023 10:24:09.822 INFO [main] org.apache.catalina.core.AprLifecycleListener.lifecycleEvent APR 버전 [1.7.2]을(를) 사용한, APR 기반 Apache Tomcat Native 라이브러리 [1.2.36]을(를) 로드했습니다.
27-Feb-2023 10:24:09.825 INFO [main] org.apache.catalina.core.AprLifecycleListener.lifecycleEvent APR 용량정보들: IPv6 [true], sendfile [true], accept filters [false], random [true], UDS [true].
27-Feb-2023 10:24:09.826 INFO [main] org.apache.catalina.core.AprLifecycleListener.initializeSSL OpenSSL이 성공적으로 초기화되었습니다: [OpenSSL 1.1.1t  7 Feb 2023]
27-Feb-2023 10:24:09.826 INFO [main] org.apache.catalina.core.AprLifecycleListener.lifecycleEvent APR/OpenSSL 설정: useAprConnector [false], useOpenSSL [true]
27-Feb-2023 10:24:09.834 INFO [main] org.apache.catalina.core.AprLifecycleListener.initializeSSL OpenSSL이 성공적으로 초기화되었습니다: [OpenSSL 1.1.1t  7 Feb 2023]
27-Feb-2023 10:24:10.232 INFO [main] org.apache.coyote.AbstractProtocol.init 프로토콜 핸들러 ["http-nio-8080"]을(를) 초기화합니다.
27-Feb-2023 10:24:10.288 SEVERE [main] org.apache.catalina.util.LifecycleBase.handleSubClassException 구성요소 [Connector[HTTP/1.1-8080]]을(를) 초기화하지 못했습니다.
	org.apache.catalina.LifecycleException: 프로토콜 핸들러 초기화가 실패했습니다.
		at org.apache.catalina.connector.Connector.initInternal(Connector.java:1049)
		at org.apache.catalina.util.LifecycleBase.init(LifecycleBase.java:136)
		at org.apache.catalina.core.StandardService.initInternal(StandardService.java:549)
		at org.apache.catalina.util.LifecycleBase.init(LifecycleBase.java:136)
		at org.apache.catalina.core.StandardServer.initInternal(StandardServer.java:1031)
		at org.apache.catalina.util.LifecycleBase.init(LifecycleBase.java:136)
		at org.apache.catalina.startup.Catalina.load(Catalina.java:724)
		at org.apache.catalina.startup.Catalina.load(Catalina.java:746)
		at java.base/jdk.internal.reflect.NativeMethodAccessorImpl.invoke0(Native Method)
		at java.base/jdk.internal.reflect.NativeMethodAccessorImpl.invoke(NativeMethodAccessorImpl.java:77)
		at java.base/jdk.internal.reflect.DelegatingMethodAccessorImpl.invoke(DelegatingMethodAccessorImpl.java:43)
		at java.base/java.lang.reflect.Method.invoke(Method.java:568)
		at org.apache.catalina.startup.Bootstrap.load(Bootstrap.java:307)
		at org.apache.catalina.startup.Bootstrap.main(Bootstrap.java:477)
	Caused by: java.net.BindException: Address already in use: bind
		at java.base/sun.nio.ch.Net.bind0(Native Method)
		at java.base/sun.nio.ch.Net.bind(Net.java:555)
		at java.base/sun.nio.ch.ServerSocketChannelImpl.netBind(ServerSocketChannelImpl.java:337)
		at java.base/sun.nio.ch.ServerSocketChannelImpl.bind(ServerSocketChannelImpl.java:294)
		at org.apache.tomcat.util.net.NioEndpoint.initServerSocket(NioEndpoint.java:276)
		at org.apache.tomcat.util.net.NioEndpoint.bind(NioEndpoint.java:231)
		at org.apache.tomcat.util.net.AbstractEndpoint.bindWithCleanup(AbstractEndpoint.java:1302)
		at org.apache.tomcat.util.net.AbstractEndpoint.init(AbstractEndpoint.java:1315)
		at org.apache.coyote.AbstractProtocol.init(AbstractProtocol.java:652)
		at org.apache.coyote.http11.AbstractHttp11Protocol.init(AbstractHttp11Protocol.java:76)
		at org.apache.catalina.connector.Connector.initInternal(Connector.java:1046)
		... 13 more
27-Feb-2023 10:24:10.292 INFO [main] org.apache.coyote.AbstractProtocol.init 프로토콜 핸들러 ["http-nio-8080"]을(를) 초기화합니다.
27-Feb-2023 10:24:10.300 INFO [main] org.apache.catalina.startup.Catalina.load [876] 밀리초 내에 서버가 초기화되었습니다.
27-Feb-2023 10:24:10.333 SEVERE [main] org.apache.catalina.util.LifecycleBase.handleSubClassException 구성요소 [Connector[HTTP/1.1-8080]]을(를) 초기화하지 못했습니다.
	org.apache.catalina.LifecycleException: 프로토콜 핸들러 초기화가 실패했습니다.
		at org.apache.catalina.connector.Connector.initInternal(Connector.java:1049)
		at org.apache.catalina.util.LifecycleBase.init(LifecycleBase.java:136)
		at org.apache.catalina.core.StandardService.initInternal(StandardService.java:549)
		at org.apache.catalina.util.LifecycleBase.init(LifecycleBase.java:136)
		at org.apache.catalina.core.StandardServer.initInternal(StandardServer.java:1031)
		at org.apache.catalina.util.LifecycleBase.init(LifecycleBase.java:136)
		at org.apache.catalina.startup.Catalina.load(Catalina.java:724)
		at org.apache.catalina.startup.Catalina.load(Catalina.java:746)
		at java.base/jdk.internal.reflect.NativeMethodAccessorImpl.invoke0(Native Method)
		at java.base/jdk.internal.reflect.NativeMethodAccessorImpl.invoke(NativeMethodAccessorImpl.java:77)
		at java.base/jdk.internal.reflect.DelegatingMethodAccessorImpl.invoke(DelegatingMethodAccessorImpl.java:43)
		at java.base/java.lang.reflect.Method.invoke(Method.java:568)
		at org.apache.catalina.startup.Bootstrap.load(Bootstrap.java:307)
		at org.apache.catalina.startup.Bootstrap.main(Bootstrap.java:477)
	Caused by: java.net.BindException: Address already in use: bind
		at java.base/sun.nio.ch.Net.bind0(Native Method)
		at java.base/sun.nio.ch.Net.bind(Net.java:555)
		at java.base/sun.nio.ch.ServerSocketChannelImpl.netBind(ServerSocketChannelImpl.java:337)
		at java.base/sun.nio.ch.ServerSocketChannelImpl.bind(ServerSocketChannelImpl.java:294)
		at org.apache.tomcat.util.net.NioEndpoint.initServerSocket(NioEndpoint.java:276)
		at org.apache.tomcat.util.net.NioEndpoint.bind(NioEndpoint.java:231)
		at org.apache.tomcat.util.net.AbstractEndpoint.bindWithCleanup(AbstractEndpoint.java:1302)
		at org.apache.tomcat.util.net.AbstractEndpoint.init(AbstractEndpoint.java:1315)
		at org.apache.coyote.AbstractProtocol.init(AbstractProtocol.java:652)
		at org.apache.coyote.http11.AbstractHttp11Protocol.init(AbstractHttp11Protocol.java:76)
		at org.apache.catalina.connector.Connector.initInternal(Connector.java:1046)
		... 13 more
27-Feb-2023 10:24:10.344 INFO [main] org.apache.catalina.startup.Catalina.load [919] 밀리초 내에 서버가 초기화되었습니다.
27-Feb-2023 10:24:10.463 INFO [main] org.apache.catalina.core.StandardService.startInternal 서비스 [Catalina]을(를) 시작합니다.
27-Feb-2023 10:24:10.470 INFO [main] org.apache.catalina.core.StandardEngine.startInternal 서버 엔진을 시작합니다: [Apache Tomcat/9.0.72]
27-Feb-2023 10:24:10.493 INFO [main] org.apache.catalina.core.StandardService.startInternal 서비스 [Catalina]을(를) 시작합니다.
27-Feb-2023 10:24:10.499 INFO [main] org.apache.catalina.core.StandardEngine.startInternal 서버 엔진을 시작합니다: [Apache Tomcat/9.0.72]
27-Feb-2023 10:24:10.501 INFO [main] org.apache.catalina.startup.HostConfig.deployDirectory 웹 애플리케이션 디렉토리 [C:\Users\YTG\KDT_BE\spring\apache-tomcat-9.0.72\webapps\docs]을(를) 배치합니다.
27-Feb-2023 10:24:10.526 INFO [main] org.apache.catalina.startup.HostConfig.deployDirectory 웹 애플리케이션 디렉토리 [C:\Users\YTG\KDT_BE\spring\apache-tomcat-9.0.72\webapps\docs]을(를) 배치합니다.
27-Feb-2023 10:24:11.307 INFO [main] org.apache.catalina.startup.HostConfig.deployDirectory 웹 애플리케이션 디렉토리 [C:\Users\YTG\KDT_BE\spring\apache-tomcat-9.0.72\webapps\docs]에 대한 배치가 [779] 밀리초에 완료되었습니다.
27-Feb-2023 10:24:11.307 INFO [main] org.apache.catalina.startup.HostConfig.deployDirectory 웹 애플리케이션 디렉토리 [C:\Users\YTG\KDT_BE\spring\apache-tomcat-9.0.72\webapps\docs]에 대한 배치가 [803] 밀리초에 완료되었습니다.
27-Feb-2023 10:24:11.311 INFO [main] org.apache.catalina.startup.HostConfig.deployDirectory 웹 애플리케이션 디렉토리 [C:\Users\YTG\KDT_BE\spring\apache-tomcat-9.0.72\webapps\examples]을(를) 배치합니다.
27-Feb-2023 10:24:11.311 INFO [main] org.apache.catalina.startup.HostConfig.deployDirectory 웹 애플리케이션 디렉토리 [C:\Users\YTG\KDT_BE\spring\apache-tomcat-9.0.72\webapps\examples]을(를) 배치합니다.
27-Feb-2023 10:24:11.866 INFO [main] org.apache.catalina.startup.HostConfig.deployDirectory 웹 애플리케이션 디렉토리 [C:\Users\YTG\KDT_BE\spring\apache-tomcat-9.0.72\webapps\examples]에 대한 배치가 [555] 밀리초에 완료되었습니다.
27-Feb-2023 10:24:11.869 INFO [main] org.apache.catalina.startup.HostConfig.deployDirectory 웹 애플리케이션 디렉토리 [C:\Users\YTG\KDT_BE\spring\apache-tomcat-9.0.72\webapps\host-manager]을(를) 배치합니다.
27-Feb-2023 10:24:11.921 INFO [main] org.apache.catalina.startup.HostConfig.deployDirectory 웹 애플리케이션 디렉토리 [C:\Users\YTG\KDT_BE\spring\apache-tomcat-9.0.72\webapps\host-manager]에 대한 배치가 [53] 밀리초에 완료되었습니다.
27-Feb-2023 10:24:11.923 INFO [main] org.apache.catalina.startup.HostConfig.deployDirectory 웹 애플리케이션 디렉토리 [C:\Users\YTG\KDT_BE\spring\apache-tomcat-9.0.72\webapps\manager]을(를) 배치합니다.
27-Feb-2023 10:24:11.970 INFO [main] org.apache.catalina.startup.HostConfig.deployDirectory 웹 애플리케이션 디렉토리 [C:\Users\YTG\KDT_BE\spring\apache-tomcat-9.0.72\webapps\manager]에 대한 배치가 [46] 밀리초에 완료되었습니다.
27-Feb-2023 10:24:11.972 INFO [main] org.apache.catalina.startup.HostConfig.deployDirectory 웹 애플리케이션 디렉토리 [C:\Users\YTG\KDT_BE\spring\apache-tomcat-9.0.72\webapps\ROOT]을(를) 배치합니다.
27-Feb-2023 10:24:12.001 INFO [main] org.apache.catalina.startup.HostConfig.deployDirectory 웹 애플리케이션 디렉토리 [C:\Users\YTG\KDT_BE\spring\apache-tomcat-9.0.72\webapps\ROOT]에 대한 배치가 [29] 밀리초에 완료되었습니다.
27-Feb-2023 10:24:12.008 INFO [main] org.apache.catalina.startup.Catalina.start 서버가 [1703] 밀리초 내에 시작되었습니다.
27-Feb-2023 10:24:12.020 SEVERE [main] org.apache.catalina.core.StandardServer.await 주소 [localhost]와(과) 포트 [8005]에, 서버 셧다운 소켓을 생성하지 못했습니다. (base 포트 [8005], offset [0])
	java.net.BindException: Address already in use: bind
		at java.base/sun.nio.ch.Net.bind0(Native Method)
		at java.base/sun.nio.ch.Net.bind(Net.java:555)
		at java.base/sun.nio.ch.Net.bind(Net.java:544)
		at java.base/sun.nio.ch.NioSocketImpl.bind(NioSocketImpl.java:643)
		at java.base/java.net.ServerSocket.bind(ServerSocket.java:388)
		at java.base/java.net.ServerSocket.<init>(ServerSocket.java:274)
		at org.apache.catalina.core.StandardServer.await(StandardServer.java:579)
		at org.apache.catalina.startup.Catalina.await(Catalina.java:864)
		at org.apache.catalina.startup.Catalina.start(Catalina.java:810)
		at java.base/jdk.internal.reflect.NativeMethodAccessorImpl.invoke0(Native Method)
		at java.base/jdk.internal.reflect.NativeMethodAccessorImpl.invoke(NativeMethodAccessorImpl.java:77)
		at java.base/jdk.internal.reflect.DelegatingMethodAccessorImpl.invoke(DelegatingMethodAccessorImpl.java:43)
		at java.base/java.lang.reflect.Method.invoke(Method.java:568)
		at org.apache.catalina.startup.Bootstrap.start(Bootstrap.java:347)
		at org.apache.catalina.startup.Bootstrap.main(Bootstrap.java:478)
27-Feb-2023 10:24:12.021 INFO [main] org.apache.coyote.AbstractProtocol.pause 프로토콜 핸들러 ["http-nio-8080"]을(를) 일시 정지 중
27-Feb-2023 10:24:12.023 INFO [main] org.apache.catalina.core.StandardService.stopInternal 서비스 [Catalina]을(를) 중지시킵니다.
27-Feb-2023 10:24:12.055 INFO [main] org.apache.coyote.AbstractProtocol.stop 프로토콜 핸들러 ["http-nio-8080"]을(를) 중지시킵니다.
27-Feb-2023 10:24:12.058 INFO [main] org.apache.coyote.AbstractProtocol.destroy 프로토콜 핸들러 ["http-nio-8080"]을(를) 소멸시킵니다.
27-Feb-2023 10:24:14.556 INFO [main] org.apache.catalina.startup.VersionLoggerListener.log 서버 버전 이름:    Apache Tomcat/9.0.72
27-Feb-2023 10:24:14.560 INFO [main] org.apache.catalina.startup.VersionLoggerListener.log Server 빌드 시각:  Feb 18 2023 09:25:13 UTC
27-Feb-2023 10:24:14.560 INFO [main] org.apache.catalina.startup.VersionLoggerListener.log Server 버전 번호:  9.0.72.0
27-Feb-2023 10:24:14.560 INFO [main] org.apache.catalina.startup.VersionLoggerListener.log 운영체제 이름:     Windows 10
27-Feb-2023 10:24:14.561 INFO [main] org.apache.catalina.startup.VersionLoggerListener.log 운영체제 버전:     10.0
27-Feb-2023 10:24:14.561 INFO [main] org.apache.catalina.startup.VersionLoggerListener.log 아키텍처:          amd64
27-Feb-2023 10:24:14.561 INFO [main] org.apache.catalina.startup.VersionLoggerListener.log 자바 홈:           C:\Program Files\Java\jdk-17
27-Feb-2023 10:24:14.561 INFO [main] org.apache.catalina.startup.VersionLoggerListener.log JVM 버전:          17.0.6+9-LTS-190
27-Feb-2023 10:24:14.561 INFO [main] org.apache.catalina.startup.VersionLoggerListener.log JVM 벤더:          Oracle Corporation
27-Feb-2023 10:24:14.562 INFO [main] org.apache.catalina.startup.VersionLoggerListener.log CATALINA_BASE:     C:\Users\YTG\KDT_BE\spring\apache-tomcat-9.0.72
27-Feb-2023 10:24:14.562 INFO [main] org.apache.catalina.startup.VersionLoggerListener.log CATALINA_HOME:     C:\Users\YTG\KDT_BE\spring\apache-tomcat-9.0.72
27-Feb-2023 10:24:14.572 INFO [main] org.apache.catalina.startup.VersionLoggerListener.log 명령 행 아규먼트:  --add-opens=java.base/java.lang=ALL-UNNAMED
27-Feb-2023 10:24:14.573 INFO [main] org.apache.catalina.startup.VersionLoggerListener.log 명령 행 아규먼트:  --add-opens=java.base/java.io=ALL-UNNAMED
27-Feb-2023 10:24:14.576 INFO [main] org.apache.catalina.startup.VersionLoggerListener.log 명령 행 아규먼트:  --add-opens=java.base/java.util=ALL-UNNAMED
27-Feb-2023 10:24:14.577 INFO [main] org.apache.catalina.startup.VersionLoggerListener.log 명령 행 아규먼트:  --add-opens=java.base/java.util.concurrent=ALL-UNNAMED
27-Feb-2023 10:24:14.578 INFO [main] org.apache.catalina.startup.VersionLoggerListener.log 명령 행 아규먼트:  --add-opens=java.rmi/sun.rmi.transport=ALL-UNNAMED
27-Feb-2023 10:24:14.579 INFO [main] org.apache.catalina.startup.VersionLoggerListener.log 명령 행 아규먼트:  -Djava.util.logging.config.file=C:\Users\YTG\KDT_BE\spring\apache-tomcat-9.0.72\conf\logging.properties
27-Feb-2023 10:24:14.581 INFO [main] org.apache.catalina.startup.VersionLoggerListener.log 명령 행 아규먼트:  -Djava.util.logging.manager=org.apache.juli.ClassLoaderLogManager
27-Feb-2023 10:24:14.581 INFO [main] org.apache.catalina.startup.VersionLoggerListener.log 명령 행 아규먼트:  -Djdk.tls.ephemeralDHKeySize=2048
27-Feb-2023 10:24:14.582 INFO [main] org.apache.catalina.startup.VersionLoggerListener.log 명령 행 아규먼트:  -Djava.protocol.handler.pkgs=org.apache.catalina.webresources
27-Feb-2023 10:24:14.583 INFO [main] org.apache.catalina.startup.VersionLoggerListener.log 명령 행 아규먼트:  -Dignore.endorsed.dirs=
27-Feb-2023 10:24:14.584 INFO [main] org.apache.catalina.startup.VersionLoggerListener.log 명령 행 아규먼트:  -Dcatalina.base=C:\Users\YTG\KDT_BE\spring\apache-tomcat-9.0.72
27-Feb-2023 10:24:14.585 INFO [main] org.apache.catalina.startup.VersionLoggerListener.log 명령 행 아규먼트:  -Dcatalina.home=C:\Users\YTG\KDT_BE\spring\apache-tomcat-9.0.72
27-Feb-2023 10:24:14.586 INFO [main] org.apache.catalina.startup.VersionLoggerListener.log 명령 행 아규먼트:  -Djava.io.tmpdir=C:\Users\YTG\KDT_BE\spring\apache-tomcat-9.0.72\temp
27-Feb-2023 10:24:14.593 INFO [main] org.apache.catalina.core.AprLifecycleListener.lifecycleEvent APR 버전 [1.7.2]을(를) 사용한, APR 기반 Apache Tomcat Native 라이브러리 [1.2.36]을(를) 로드했습니다.
27-Feb-2023 10:24:14.594 INFO [main] org.apache.catalina.core.AprLifecycleListener.lifecycleEvent APR 용량정보들: IPv6 [true], sendfile [true], accept filters [false], random [true], UDS [true].
27-Feb-2023 10:24:14.594 INFO [main] org.apache.catalina.core.AprLifecycleListener.lifecycleEvent APR/OpenSSL 설정: useAprConnector [false], useOpenSSL [true]
27-Feb-2023 10:24:14.600 INFO [main] org.apache.catalina.core.AprLifecycleListener.initializeSSL OpenSSL이 성공적으로 초기화되었습니다: [OpenSSL 1.1.1t  7 Feb 2023]
27-Feb-2023 10:24:14.837 INFO [main] org.apache.coyote.AbstractProtocol.init 프로토콜 핸들러 ["http-nio-8080"]을(를) 초기화합니다.
27-Feb-2023 10:24:14.855 SEVERE [main] org.apache.catalina.util.LifecycleBase.handleSubClassException 구성요소 [Connector[HTTP/1.1-8080]]을(를) 초기화하지 못했습니다.
	org.apache.catalina.LifecycleException: 프로토콜 핸들러 초기화가 실패했습니다.
		at org.apache.catalina.connector.Connector.initInternal(Connector.java:1049)
		at org.apache.catalina.util.LifecycleBase.init(LifecycleBase.java:136)
		at org.apache.catalina.core.StandardService.initInternal(StandardService.java:549)
		at org.apache.catalina.util.LifecycleBase.init(LifecycleBase.java:136)
		at org.apache.catalina.core.StandardServer.initInternal(StandardServer.java:1031)
		at org.apache.catalina.util.LifecycleBase.init(LifecycleBase.java:136)
		at org.apache.catalina.startup.Catalina.load(Catalina.java:724)
		at org.apache.catalina.startup.Catalina.load(Catalina.java:746)
		at java.base/jdk.internal.reflect.NativeMethodAccessorImpl.invoke0(Native Method)
		at java.base/jdk.internal.reflect.NativeMethodAccessorImpl.invoke(NativeMethodAccessorImpl.java:77)
		at java.base/jdk.internal.reflect.DelegatingMethodAccessorImpl.invoke(DelegatingMethodAccessorImpl.java:43)
		at java.base/java.lang.reflect.Method.invoke(Method.java:568)
		at org.apache.catalina.startup.Bootstrap.load(Bootstrap.java:307)
		at org.apache.catalina.startup.Bootstrap.main(Bootstrap.java:477)
	Caused by: java.net.BindException: Address already in use: bind
		at java.base/sun.nio.ch.Net.bind0(Native Method)
		at java.base/sun.nio.ch.Net.bind(Net.java:555)
		at java.base/sun.nio.ch.ServerSocketChannelImpl.netBind(ServerSocketChannelImpl.java:337)
		at java.base/sun.nio.ch.ServerSocketChannelImpl.bind(ServerSocketChannelImpl.java:294)
		at org.apache.tomcat.util.net.NioEndpoint.initServerSocket(NioEndpoint.java:276)
		at org.apache.tomcat.util.net.NioEndpoint.bind(NioEndpoint.java:231)
		at org.apache.tomcat.util.net.AbstractEndpoint.bindWithCleanup(AbstractEndpoint.java:1302)
		at org.apache.tomcat.util.net.AbstractEndpoint.init(AbstractEndpoint.java:1315)
		at org.apache.coyote.AbstractProtocol.init(AbstractProtocol.java:652)
		at org.apache.coyote.http11.AbstractHttp11Protocol.init(AbstractHttp11Protocol.java:76)
		at org.apache.catalina.connector.Connector.initInternal(Connector.java:1046)
		... 13 more
27-Feb-2023 10:24:14.858 INFO [main] org.apache.catalina.startup.Catalina.load [496] 밀리초 내에 서버가 초기화되었습니다.
27-Feb-2023 10:24:14.912 INFO [main] org.apache.catalina.core.StandardService.startInternal 서비스 [Catalina]을(를) 시작합니다.
27-Feb-2023 10:24:14.914 INFO [main] org.apache.catalina.core.StandardEngine.startInternal 서버 엔진을 시작합니다: [Apache Tomcat/9.0.72]
27-Feb-2023 10:24:14.923 INFO [main] org.apache.catalina.startup.HostConfig.deployDirectory 웹 애플리케이션 디렉토리 [C:\Users\YTG\KDT_BE\spring\apache-tomcat-9.0.72\webapps\docs]을(를) 배치합니다.
27-Feb-2023 10:24:15.338 INFO [main] org.apache.catalina.startup.HostConfig.deployDirectory 웹 애플리케이션 디렉토리 [C:\Users\YTG\KDT_BE\spring\apache-tomcat-9.0.72\webapps\docs]에 대한 배치가 [413] 밀리초에 완료되었습니다.
27-Feb-2023 10:24:15.341 INFO [main] org.apache.catalina.startup.HostConfig.deployDirectory 웹 애플리케이션 디렉토리 [C:\Users\YTG\KDT_BE\spring\apache-tomcat-9.0.72\webapps\examples]을(를) 배치합니다.
27-Feb-2023 10:24:15.819 INFO [main] org.apache.catalina.startup.HostConfig.deployDirectory 웹 애플리케이션 디렉토리 [C:\Users\YTG\KDT_BE\spring\apache-tomcat-9.0.72\webapps\examples]에 대한 배치가 [477] 밀리초에 완료되었습니다.
27-Feb-2023 10:24:15.821 INFO [main] org.apache.catalina.startup.HostConfig.deployDirectory 웹 애플리케이션 디렉토리 [C:\Users\YTG\KDT_BE\spring\apache-tomcat-9.0.72\webapps\host-manager]을(를) 배치합니다.
27-Feb-2023 10:24:15.868 INFO [main] org.apache.catalina.startup.HostConfig.deployDirectory 웹 애플리케이션 디렉토리 [C:\Users\YTG\KDT_BE\spring\apache-tomcat-9.0.72\webapps\host-manager]에 대한 배치가 [47] 밀리초에 완료되었습니다.
27-Feb-2023 10:24:15.871 INFO [main] org.apache.catalina.startup.HostConfig.deployDirectory 웹 애플리케이션 디렉토리 [C:\Users\YTG\KDT_BE\spring\apache-tomcat-9.0.72\webapps\manager]을(를) 배치합니다.
27-Feb-2023 10:24:15.917 INFO [main] org.apache.catalina.startup.HostConfig.deployDirectory 웹 애플리케이션 디렉토리 [C:\Users\YTG\KDT_BE\spring\apache-tomcat-9.0.72\webapps\manager]에 대한 배치가 [46] 밀리초에 완료되었습니다.
27-Feb-2023 10:24:15.919 INFO [main] org.apache.catalina.startup.HostConfig.deployDirectory 웹 애플리케이션 디렉토리 [C:\Users\YTG\KDT_BE\spring\apache-tomcat-9.0.72\webapps\ROOT]을(를) 배치합니다.
27-Feb-2023 10:24:15.947 INFO [main] org.apache.catalina.startup.HostConfig.deployDirectory 웹 애플리케이션 디렉토리 [C:\Users\YTG\KDT_BE\spring\apache-tomcat-9.0.72\webapps\ROOT]에 대한 배치가 [28] 밀리초에 완료되었습니다.
27-Feb-2023 10:24:15.952 INFO [main] org.apache.catalina.startup.Catalina.start 서버가 [1091] 밀리초 내에 시작되었습니다.
27-Feb-2023 10:24:15.960 SEVERE [main] org.apache.catalina.core.StandardServer.await 주소 [localhost]와(과) 포트 [8005]에, 서버 셧다운 소켓을 생성하지 못했습니다. (base 포트 [8005], offset [0])
	java.net.BindException: Address already in use: bind
		at java.base/sun.nio.ch.Net.bind0(Native Method)
		at java.base/sun.nio.ch.Net.bind(Net.java:555)
		at java.base/sun.nio.ch.Net.bind(Net.java:544)
		at java.base/sun.nio.ch.NioSocketImpl.bind(NioSocketImpl.java:643)
		at java.base/java.net.ServerSocket.bind(ServerSocket.java:388)
		at java.base/java.net.ServerSocket.<init>(ServerSocket.java:274)
		at org.apache.catalina.core.StandardServer.await(StandardServer.java:579)
		at org.apache.catalina.startup.Catalina.await(Catalina.java:864)
		at org.apache.catalina.startup.Catalina.start(Catalina.java:810)
		at java.base/jdk.internal.reflect.NativeMethodAccessorImpl.invoke0(Native Method)
		at java.base/jdk.internal.reflect.NativeMethodAccessorImpl.invoke(NativeMethodAccessorImpl.java:77)
		at java.base/jdk.internal.reflect.DelegatingMethodAccessorImpl.invoke(DelegatingMethodAccessorImpl.java:43)
		at java.base/java.lang.reflect.Method.invoke(Method.java:568)
		at org.apache.catalina.startup.Bootstrap.start(Bootstrap.java:347)
		at org.apache.catalina.startup.Bootstrap.main(Bootstrap.java:478)
27-Feb-2023 10:24:15.962 INFO [main] org.apache.coyote.AbstractProtocol.pause 프로토콜 핸들러 ["http-nio-8080"]을(를) 일시 정지 중
27-Feb-2023 10:24:15.963 INFO [main] org.apache.catalina.core.StandardService.stopInternal 서비스 [Catalina]을(를) 중지시킵니다.
27-Feb-2023 10:24:15.982 INFO [main] org.apache.coyote.AbstractProtocol.stop 프로토콜 핸들러 ["http-nio-8080"]을(를) 중지시킵니다.
27-Feb-2023 10:24:15.984 INFO [main] org.apache.coyote.AbstractProtocol.destroy 프로토콜 핸들러 ["http-nio-8080"]을(를) 소멸시킵니다.
27-Feb-2023 10:24:36.074 정보 [main] org.apache.catalina.core.StandardServer.await 셧다운 포트를 통해 유효한 셧다운 명령을 받았습니다. 서버 인스턴스를 중지시킵니다.
27-Feb-2023 10:24:36.074 정보 [main] org.apache.coyote.AbstractProtocol.pause 프로토콜 핸들러 ["http-nio-8080"]을(를) 일시 정지 중
27-Feb-2023 10:24:36.177 정보 [main] org.apache.catalina.core.StandardService.stopInternal 서비스 [Catalina]을(를) 중지시킵니다.
27-Feb-2023 10:24:36.197 정보 [main] org.apache.coyote.AbstractProtocol.stop 프로토콜 핸들러 ["http-nio-8080"]을(를) 중지시킵니다.
27-Feb-2023 10:24:36.212 정보 [main] org.apache.coyote.AbstractProtocol.destroy 프로토콜 핸들러 ["http-nio-8080"]을(를) 소멸시킵니다.
