NOTE: Picked up JDK_JAVA_OPTIONS:  --add-opens=java.base/java.lang=ALL-UNNAMED --add-opens=java.base/java.io=ALL-UNNAMED --add-opens=java.base/java.util=ALL-UNNAMED --add-opens=java.base/java.util.concurrent=ALL-UNNAMED --add-opens=java.rmi/sun.rmi.transport=ALL-UNNAMED
27-Feb-2023 10:15:37.271 정보 [main] org.apache.catalina.startup.VersionLoggerListener.log 서버 버전 이름:    Apache Tomcat/9.0.72
27-Feb-2023 10:15:37.277 정보 [main] org.apache.catalina.startup.VersionLoggerListener.log Server 빌드 시각:  Feb 18 2023 09:25:13 UTC
27-Feb-2023 10:15:37.277 정보 [main] org.apache.catalina.startup.VersionLoggerListener.log Server 버전 번호:  9.0.72.0
27-Feb-2023 10:15:37.277 정보 [main] org.apache.catalina.startup.VersionLoggerListener.log 운영체제 이름:     Windows 10
27-Feb-2023 10:15:37.278 정보 [main] org.apache.catalina.startup.VersionLoggerListener.log 운영체제 버전:     10.0
27-Feb-2023 10:15:37.278 정보 [main] org.apache.catalina.startup.VersionLoggerListener.log 아키텍처:          amd64
27-Feb-2023 10:15:37.278 정보 [main] org.apache.catalina.startup.VersionLoggerListener.log 자바 홈:           C:\Program Files\Eclipse Adoptium\jdk-11.0.18.10-hotspot
27-Feb-2023 10:15:37.278 정보 [main] org.apache.catalina.startup.VersionLoggerListener.log JVM 버전:          11.0.18+10
27-Feb-2023 10:15:37.279 정보 [main] org.apache.catalina.startup.VersionLoggerListener.log JVM 벤더:          Eclipse Adoptium
27-Feb-2023 10:15:37.279 정보 [main] org.apache.catalina.startup.VersionLoggerListener.log CATALINA_BASE:     C:\Users\YTG\KDT_BE\spring\apache-tomcat-9.0.72
27-Feb-2023 10:15:37.279 정보 [main] org.apache.catalina.startup.VersionLoggerListener.log CATALINA_HOME:     C:\Users\YTG\KDT_BE\spring\apache-tomcat-9.0.72
27-Feb-2023 10:15:37.304 정보 [main] org.apache.catalina.startup.VersionLoggerListener.log 명령 행 아규먼트:  --add-opens=java.base/java.lang=ALL-UNNAMED
27-Feb-2023 10:15:37.304 정보 [main] org.apache.catalina.startup.VersionLoggerListener.log 명령 행 아규먼트:  --add-opens=java.base/java.io=ALL-UNNAMED
27-Feb-2023 10:15:37.305 정보 [main] org.apache.catalina.startup.VersionLoggerListener.log 명령 행 아규먼트:  --add-opens=java.base/java.util=ALL-UNNAMED
27-Feb-2023 10:15:37.305 정보 [main] org.apache.catalina.startup.VersionLoggerListener.log 명령 행 아규먼트:  --add-opens=java.base/java.util.concurrent=ALL-UNNAMED
27-Feb-2023 10:15:37.305 정보 [main] org.apache.catalina.startup.VersionLoggerListener.log 명령 행 아규먼트:  --add-opens=java.rmi/sun.rmi.transport=ALL-UNNAMED
27-Feb-2023 10:15:37.305 정보 [main] org.apache.catalina.startup.VersionLoggerListener.log 명령 행 아규먼트:  -Djava.util.logging.config.file=C:/Users/YTG/KDT_BE/spring/apache-tomcat-9.0.72/conf/logging.properties
27-Feb-2023 10:15:37.305 정보 [main] org.apache.catalina.startup.VersionLoggerListener.log 명령 행 아규먼트:  -Djava.util.logging.manager=org.apache.juli.ClassLoaderLogManager
27-Feb-2023 10:15:37.305 정보 [main] org.apache.catalina.startup.VersionLoggerListener.log 명령 행 아규먼트:  -Djdk.tls.ephemeralDHKeySize=2048
27-Feb-2023 10:15:37.306 정보 [main] org.apache.catalina.startup.VersionLoggerListener.log 명령 행 아규먼트:  -Djava.protocol.handler.pkgs=org.apache.catalina.webresources
27-Feb-2023 10:15:37.306 정보 [main] org.apache.catalina.startup.VersionLoggerListener.log 명령 행 아규먼트:  -Dorg.apache.catalina.security.SecurityListener.UMASK=0027
27-Feb-2023 10:15:37.306 정보 [main] org.apache.catalina.startup.VersionLoggerListener.log 명령 행 아규먼트:  -Dignore.endorsed.dirs=
27-Feb-2023 10:15:37.306 정보 [main] org.apache.catalina.startup.VersionLoggerListener.log 명령 행 아규먼트:  -Dcatalina.base=C:/Users/YTG/KDT_BE/spring/apache-tomcat-9.0.72
27-Feb-2023 10:15:37.306 정보 [main] org.apache.catalina.startup.VersionLoggerListener.log 명령 행 아규먼트:  -Dcatalina.home=C:/Users/YTG/KDT_BE/spring/apache-tomcat-9.0.72
27-Feb-2023 10:15:37.306 정보 [main] org.apache.catalina.startup.VersionLoggerListener.log 명령 행 아규먼트:  -Djava.io.tmpdir=C:/Users/YTG/KDT_BE/spring/apache-tomcat-9.0.72/temp
27-Feb-2023 10:15:37.311 정보 [main] org.apache.catalina.core.AprLifecycleListener.lifecycleEvent APR 버전 [1.7.2]을(를) 사용한, APR 기반 Apache Tomcat Native 라이브러리 [1.2.36]을(를) 로드했습니다.
27-Feb-2023 10:15:37.312 정보 [main] org.apache.catalina.core.AprLifecycleListener.lifecycleEvent APR 용량정보들: IPv6 [true], sendfile [true], accept filters [false], random [true], UDS [true].
27-Feb-2023 10:15:37.312 정보 [main] org.apache.catalina.core.AprLifecycleListener.lifecycleEvent APR/OpenSSL 설정: useAprConnector [false], useOpenSSL [true]
27-Feb-2023 10:15:37.319 정보 [main] org.apache.catalina.core.AprLifecycleListener.initializeSSL OpenSSL이 성공적으로 초기화되었습니다: [OpenSSL 1.1.1t  7 Feb 2023]
27-Feb-2023 10:15:37.650 정보 [main] org.apache.coyote.AbstractProtocol.init 프로토콜 핸들러 ["http-nio-8080"]을(를) 초기화합니다.
27-Feb-2023 10:15:37.690 정보 [main] org.apache.catalina.startup.Catalina.load [697] 밀리초 내에 서버가 초기화되었습니다.
27-Feb-2023 10:15:37.775 정보 [main] org.apache.catalina.core.StandardService.startInternal 서비스 [Catalina]을(를) 시작합니다.
27-Feb-2023 10:15:37.775 정보 [main] org.apache.catalina.core.StandardEngine.startInternal 서버 엔진을 시작합니다: [Apache Tomcat/9.0.72]
27-Feb-2023 10:15:37.793 정보 [main] org.apache.catalina.startup.HostConfig.deployDirectory 웹 애플리케이션 디렉토리 [C:\Users\YTG\KDT_BE\spring\apache-tomcat-9.0.72\webapps\docs]을(를) 배치합니다.
27-Feb-2023 10:15:38.338 경고 [main] org.apache.catalina.util.SessionIdGeneratorBase.createSecureRandom [SHA1PRNG] 알고리즘을 사용하여, 세션 ID를 생성하기 위한 SecureRandom 객체를 생성하는데, [128] 밀리초가 소요됐습니다.
27-Feb-2023 10:15:38.360 정보 [main] org.apache.catalina.startup.HostConfig.deployDirectory 웹 애플리케이션 디렉토리 [C:\Users\YTG\KDT_BE\spring\apache-tomcat-9.0.72\webapps\docs]에 대한 배치가 [568] 밀리초에 완료되었습니다.
27-Feb-2023 10:15:38.361 정보 [main] org.apache.catalina.startup.HostConfig.deployDirectory 웹 애플리케이션 디렉토리 [C:\Users\YTG\KDT_BE\spring\apache-tomcat-9.0.72\webapps\examples]을(를) 배치합니다.
27-Feb-2023 10:15:38.726 정보 [main] org.apache.catalina.startup.HostConfig.deployDirectory 웹 애플리케이션 디렉토리 [C:\Users\YTG\KDT_BE\spring\apache-tomcat-9.0.72\webapps\examples]에 대한 배치가 [364] 밀리초에 완료되었습니다.
27-Feb-2023 10:15:38.726 정보 [main] org.apache.catalina.startup.HostConfig.deployDirectory 웹 애플리케이션 디렉토리 [C:\Users\YTG\KDT_BE\spring\apache-tomcat-9.0.72\webapps\host-manager]을(를) 배치합니다.
27-Feb-2023 10:15:38.758 정보 [main] org.apache.catalina.startup.HostConfig.deployDirectory 웹 애플리케이션 디렉토리 [C:\Users\YTG\KDT_BE\spring\apache-tomcat-9.0.72\webapps\host-manager]에 대한 배치가 [32] 밀리초에 완료되었습니다.
27-Feb-2023 10:15:38.759 정보 [main] org.apache.catalina.startup.HostConfig.deployDirectory 웹 애플리케이션 디렉토리 [C:\Users\YTG\KDT_BE\spring\apache-tomcat-9.0.72\webapps\manager]을(를) 배치합니다.
27-Feb-2023 10:15:38.789 정보 [main] org.apache.catalina.startup.HostConfig.deployDirectory 웹 애플리케이션 디렉토리 [C:\Users\YTG\KDT_BE\spring\apache-tomcat-9.0.72\webapps\manager]에 대한 배치가 [30] 밀리초에 완료되었습니다.
27-Feb-2023 10:15:38.789 정보 [main] org.apache.catalina.startup.HostConfig.deployDirectory 웹 애플리케이션 디렉토리 [C:\Users\YTG\KDT_BE\spring\apache-tomcat-9.0.72\webapps\ROOT]을(를) 배치합니다.
27-Feb-2023 10:15:38.817 정보 [main] org.apache.catalina.startup.HostConfig.deployDirectory 웹 애플리케이션 디렉토리 [C:\Users\YTG\KDT_BE\spring\apache-tomcat-9.0.72\webapps\ROOT]에 대한 배치가 [28] 밀리초에 완료되었습니다.
27-Feb-2023 10:15:38.824 정보 [main] org.apache.coyote.AbstractProtocol.start 프로토콜 핸들러 ["http-nio-8080"]을(를) 시작합니다.
27-Feb-2023 10:15:38.971 정보 [main] org.apache.catalina.startup.Catalina.start 서버가 [1279] 밀리초 내에 시작되었습니다.
27-Feb-2023 10:17:09.880 정보 [main] org.apache.catalina.core.StandardServer.await 셧다운 포트를 통해 유효한 셧다운 명령을 받았습니다. 서버 인스턴스를 중지시킵니다.
27-Feb-2023 10:17:09.881 정보 [main] org.apache.coyote.AbstractProtocol.pause 프로토콜 핸들러 ["http-nio-8080"]을(를) 일시 정지 중
27-Feb-2023 10:17:09.992 정보 [main] org.apache.catalina.core.StandardService.stopInternal 서비스 [Catalina]을(를) 중지시킵니다.
27-Feb-2023 10:17:10.014 정보 [main] org.apache.coyote.AbstractProtocol.stop 프로토콜 핸들러 ["http-nio-8080"]을(를) 중지시킵니다.
27-Feb-2023 10:17:10.025 정보 [main] org.apache.coyote.AbstractProtocol.destroy 프로토콜 핸들러 ["http-nio-8080"]을(를) 소멸시킵니다.
NOTE: Picked up JDK_JAVA_OPTIONS:  --add-opens=java.base/java.lang=ALL-UNNAMED --add-opens=java.base/java.io=ALL-UNNAMED --add-opens=java.base/java.util=ALL-UNNAMED --add-opens=java.base/java.util.concurrent=ALL-UNNAMED --add-opens=java.rmi/sun.rmi.transport=ALL-UNNAMED
27-Feb-2023 10:17:21.336 정보 [main] org.apache.catalina.startup.VersionLoggerListener.log 서버 버전 이름:    Apache Tomcat/9.0.72
27-Feb-2023 10:17:21.340 정보 [main] org.apache.catalina.startup.VersionLoggerListener.log Server 빌드 시각:  Feb 18 2023 09:25:13 UTC
27-Feb-2023 10:17:21.340 정보 [main] org.apache.catalina.startup.VersionLoggerListener.log Server 버전 번호:  9.0.72.0
27-Feb-2023 10:17:21.340 정보 [main] org.apache.catalina.startup.VersionLoggerListener.log 운영체제 이름:     Windows 10
27-Feb-2023 10:17:21.340 정보 [main] org.apache.catalina.startup.VersionLoggerListener.log 운영체제 버전:     10.0
27-Feb-2023 10:17:21.340 정보 [main] org.apache.catalina.startup.VersionLoggerListener.log 아키텍처:          amd64
27-Feb-2023 10:17:21.341 정보 [main] org.apache.catalina.startup.VersionLoggerListener.log 자바 홈:           C:\Program Files\Eclipse Adoptium\jdk-11.0.18.10-hotspot
27-Feb-2023 10:17:21.341 정보 [main] org.apache.catalina.startup.VersionLoggerListener.log JVM 버전:          11.0.18+10
27-Feb-2023 10:17:21.341 정보 [main] org.apache.catalina.startup.VersionLoggerListener.log JVM 벤더:          Eclipse Adoptium
27-Feb-2023 10:17:21.341 정보 [main] org.apache.catalina.startup.VersionLoggerListener.log CATALINA_BASE:     C:\Users\YTG\KDT_BE\spring\apache-tomcat-9.0.72
27-Feb-2023 10:17:21.341 정보 [main] org.apache.catalina.startup.VersionLoggerListener.log CATALINA_HOME:     C:\Users\YTG\KDT_BE\spring\apache-tomcat-9.0.72
27-Feb-2023 10:17:21.352 정보 [main] org.apache.catalina.startup.VersionLoggerListener.log 명령 행 아규먼트:  --add-opens=java.base/java.lang=ALL-UNNAMED
27-Feb-2023 10:17:21.352 정보 [main] org.apache.catalina.startup.VersionLoggerListener.log 명령 행 아규먼트:  --add-opens=java.base/java.io=ALL-UNNAMED
27-Feb-2023 10:17:21.352 정보 [main] org.apache.catalina.startup.VersionLoggerListener.log 명령 행 아규먼트:  --add-opens=java.base/java.util=ALL-UNNAMED
27-Feb-2023 10:17:21.353 정보 [main] org.apache.catalina.startup.VersionLoggerListener.log 명령 행 아규먼트:  --add-opens=java.base/java.util.concurrent=ALL-UNNAMED
27-Feb-2023 10:17:21.353 정보 [main] org.apache.catalina.startup.VersionLoggerListener.log 명령 행 아규먼트:  --add-opens=java.rmi/sun.rmi.transport=ALL-UNNAMED
27-Feb-2023 10:17:21.353 정보 [main] org.apache.catalina.startup.VersionLoggerListener.log 명령 행 아규먼트:  -Djava.util.logging.config.file=C:/Users/YTG/KDT_BE/spring/apache-tomcat-9.0.72/conf/logging.properties
27-Feb-2023 10:17:21.353 정보 [main] org.apache.catalina.startup.VersionLoggerListener.log 명령 행 아규먼트:  -Djava.util.logging.manager=org.apache.juli.ClassLoaderLogManager
27-Feb-2023 10:17:21.353 정보 [main] org.apache.catalina.startup.VersionLoggerListener.log 명령 행 아규먼트:  -Djdk.tls.ephemeralDHKeySize=2048
27-Feb-2023 10:17:21.353 정보 [main] org.apache.catalina.startup.VersionLoggerListener.log 명령 행 아규먼트:  -Djava.protocol.handler.pkgs=org.apache.catalina.webresources
27-Feb-2023 10:17:21.353 정보 [main] org.apache.catalina.startup.VersionLoggerListener.log 명령 행 아규먼트:  -Dorg.apache.catalina.security.SecurityListener.UMASK=0027
27-Feb-2023 10:17:21.353 정보 [main] org.apache.catalina.startup.VersionLoggerListener.log 명령 행 아규먼트:  -Dignore.endorsed.dirs=
27-Feb-2023 10:17:21.354 정보 [main] org.apache.catalina.startup.VersionLoggerListener.log 명령 행 아규먼트:  -Dcatalina.base=C:/Users/YTG/KDT_BE/spring/apache-tomcat-9.0.72
27-Feb-2023 10:17:21.354 정보 [main] org.apache.catalina.startup.VersionLoggerListener.log 명령 행 아규먼트:  -Dcatalina.home=C:/Users/YTG/KDT_BE/spring/apache-tomcat-9.0.72
27-Feb-2023 10:17:21.354 정보 [main] org.apache.catalina.startup.VersionLoggerListener.log 명령 행 아규먼트:  -Djava.io.tmpdir=C:/Users/YTG/KDT_BE/spring/apache-tomcat-9.0.72/temp
27-Feb-2023 10:17:21.358 정보 [main] org.apache.catalina.core.AprLifecycleListener.lifecycleEvent APR 버전 [1.7.2]을(를) 사용한, APR 기반 Apache Tomcat Native 라이브러리 [1.2.36]을(를) 로드했습니다.
27-Feb-2023 10:17:21.358 정보 [main] org.apache.catalina.core.AprLifecycleListener.lifecycleEvent APR 용량정보들: IPv6 [true], sendfile [true], accept filters [false], random [true], UDS [true].
27-Feb-2023 10:17:21.358 정보 [main] org.apache.catalina.core.AprLifecycleListener.lifecycleEvent APR/OpenSSL 설정: useAprConnector [false], useOpenSSL [true]
27-Feb-2023 10:17:21.363 정보 [main] org.apache.catalina.core.AprLifecycleListener.initializeSSL OpenSSL이 성공적으로 초기화되었습니다: [OpenSSL 1.1.1t  7 Feb 2023]
27-Feb-2023 10:17:21.673 정보 [main] org.apache.coyote.AbstractProtocol.init 프로토콜 핸들러 ["http-nio-8080"]을(를) 초기화합니다.
27-Feb-2023 10:17:21.702 정보 [main] org.apache.catalina.startup.Catalina.load [636] 밀리초 내에 서버가 초기화되었습니다.
27-Feb-2023 10:17:21.773 정보 [main] org.apache.catalina.core.StandardService.startInternal 서비스 [Catalina]을(를) 시작합니다.
27-Feb-2023 10:17:21.773 정보 [main] org.apache.catalina.core.StandardEngine.startInternal 서버 엔진을 시작합니다: [Apache Tomcat/9.0.72]
27-Feb-2023 10:17:21.789 정보 [main] org.apache.catalina.startup.HostConfig.deployDirectory 웹 애플리케이션 디렉토리 [C:\Users\YTG\KDT_BE\spring\apache-tomcat-9.0.72\webapps\docs]을(를) 배치합니다.
27-Feb-2023 10:17:22.277 경고 [main] org.apache.catalina.util.SessionIdGeneratorBase.createSecureRandom [SHA1PRNG] 알고리즘을 사용하여, 세션 ID를 생성하기 위한 SecureRandom 객체를 생성하는데, [127] 밀리초가 소요됐습니다.
27-Feb-2023 10:17:22.296 정보 [main] org.apache.catalina.startup.HostConfig.deployDirectory 웹 애플리케이션 디렉토리 [C:\Users\YTG\KDT_BE\spring\apache-tomcat-9.0.72\webapps\docs]에 대한 배치가 [508] 밀리초에 완료되었습니다.
27-Feb-2023 10:17:22.296 정보 [main] org.apache.catalina.startup.HostConfig.deployDirectory 웹 애플리케이션 디렉토리 [C:\Users\YTG\KDT_BE\spring\apache-tomcat-9.0.72\webapps\examples]을(를) 배치합니다.
27-Feb-2023 10:17:22.676 정보 [main] org.apache.catalina.startup.HostConfig.deployDirectory 웹 애플리케이션 디렉토리 [C:\Users\YTG\KDT_BE\spring\apache-tomcat-9.0.72\webapps\examples]에 대한 배치가 [380] 밀리초에 완료되었습니다.
27-Feb-2023 10:17:22.676 정보 [main] org.apache.catalina.startup.HostConfig.deployDirectory 웹 애플리케이션 디렉토리 [C:\Users\YTG\KDT_BE\spring\apache-tomcat-9.0.72\webapps\host-manager]을(를) 배치합니다.
27-Feb-2023 10:17:22.709 정보 [main] org.apache.catalina.startup.HostConfig.deployDirectory 웹 애플리케이션 디렉토리 [C:\Users\YTG\KDT_BE\spring\apache-tomcat-9.0.72\webapps\host-manager]에 대한 배치가 [33] 밀리초에 완료되었습니다.
27-Feb-2023 10:17:22.710 정보 [main] org.apache.catalina.startup.HostConfig.deployDirectory 웹 애플리케이션 디렉토리 [C:\Users\YTG\KDT_BE\spring\apache-tomcat-9.0.72\webapps\manager]을(를) 배치합니다.
27-Feb-2023 10:17:22.739 정보 [main] org.apache.catalina.startup.HostConfig.deployDirectory 웹 애플리케이션 디렉토리 [C:\Users\YTG\KDT_BE\spring\apache-tomcat-9.0.72\webapps\manager]에 대한 배치가 [29] 밀리초에 완료되었습니다.
27-Feb-2023 10:17:22.739 정보 [main] org.apache.catalina.startup.HostConfig.deployDirectory 웹 애플리케이션 디렉토리 [C:\Users\YTG\KDT_BE\spring\apache-tomcat-9.0.72\webapps\ROOT]을(를) 배치합니다.
27-Feb-2023 10:17:22.763 정보 [main] org.apache.catalina.startup.HostConfig.deployDirectory 웹 애플리케이션 디렉토리 [C:\Users\YTG\KDT_BE\spring\apache-tomcat-9.0.72\webapps\ROOT]에 대한 배치가 [24] 밀리초에 완료되었습니다.
27-Feb-2023 10:17:22.770 정보 [main] org.apache.coyote.AbstractProtocol.start 프로토콜 핸들러 ["http-nio-8080"]을(를) 시작합니다.
27-Feb-2023 10:17:22.913 정보 [main] org.apache.catalina.startup.Catalina.start 서버가 [1210] 밀리초 내에 시작되었습니다.
27-Feb-2023 10:24:36.074 정보 [main] org.apache.catalina.core.StandardServer.await 셧다운 포트를 통해 유효한 셧다운 명령을 받았습니다. 서버 인스턴스를 중지시킵니다.
27-Feb-2023 10:24:36.074 정보 [main] org.apache.coyote.AbstractProtocol.pause 프로토콜 핸들러 ["http-nio-8080"]을(를) 일시 정지 중
27-Feb-2023 10:24:36.177 정보 [main] org.apache.catalina.core.StandardService.stopInternal 서비스 [Catalina]을(를) 중지시킵니다.
27-Feb-2023 10:24:36.197 정보 [main] org.apache.coyote.AbstractProtocol.stop 프로토콜 핸들러 ["http-nio-8080"]을(를) 중지시킵니다.
27-Feb-2023 10:24:36.212 정보 [main] org.apache.coyote.AbstractProtocol.destroy 프로토콜 핸들러 ["http-nio-8080"]을(를) 소멸시킵니다.
