27-Feb-2023 10:15:38.710 정보 [main] org.apache.catalina.core.ApplicationContext.log ContextListener: contextInitialized()
27-Feb-2023 10:15:38.710 정보 [main] org.apache.catalina.core.ApplicationContext.log SessionListener: contextInitialized()
27-Feb-2023 10:15:38.713 정보 [main] org.apache.catalina.core.ApplicationContext.log ContextListener: attributeAdded('StockTicker', 'async.Stockticker@5aa360ea')
27-Feb-2023 10:17:10.005 정보 [main] org.apache.catalina.core.ApplicationContext.log SessionListener: contextDestroyed()
27-Feb-2023 10:17:10.005 정보 [main] org.apache.catalina.core.ApplicationContext.log ContextListener: contextDestroyed()
27-Feb-2023 10:17:22.663 정보 [main] org.apache.catalina.core.ApplicationContext.log ContextListener: contextInitialized()
27-Feb-2023 10:17:22.663 정보 [main] org.apache.catalina.core.ApplicationContext.log SessionListener: contextInitialized()
27-Feb-2023 10:17:22.665 정보 [main] org.apache.catalina.core.ApplicationContext.log ContextListener: attributeAdded('StockTicker', 'async.Stockticker@6e5bfdfc')
27-Feb-2023 10:24:11.845 INFO [main] org.apache.catalina.core.ApplicationContext.log ContextListener: contextInitialized()
27-Feb-2023 10:24:11.846 INFO [main] org.apache.catalina.core.ApplicationContext.log SessionListener: contextInitialized()
27-Feb-2023 10:24:11.850 INFO [main] org.apache.catalina.core.ApplicationContext.log ContextListener: attributeAdded('StockTicker', 'async.Stockticker@7fd4acee')
27-Feb-2023 10:24:12.042 INFO [main] org.apache.catalina.core.ApplicationContext.log SessionListener: contextDestroyed()
27-Feb-2023 10:24:12.042 INFO [main] org.apache.catalina.core.ApplicationContext.log ContextListener: contextDestroyed()
27-Feb-2023 10:24:15.804 INFO [main] org.apache.catalina.core.ApplicationContext.log ContextListener: contextInitialized()
27-Feb-2023 10:24:15.804 INFO [main] org.apache.catalina.core.ApplicationContext.log SessionListener: contextInitialized()
27-Feb-2023 10:24:15.806 INFO [main] org.apache.catalina.core.ApplicationContext.log ContextListener: attributeAdded('StockTicker', 'async.Stockticker@119f1f2a')
27-Feb-2023 10:24:15.974 INFO [main] org.apache.catalina.core.ApplicationContext.log SessionListener: contextDestroyed()
27-Feb-2023 10:24:15.974 INFO [main] org.apache.catalina.core.ApplicationContext.log ContextListener: contextDestroyed()
27-Feb-2023 10:24:36.187 정보 [main] org.apache.catalina.core.ApplicationContext.log SessionListener: contextDestroyed()
27-Feb-2023 10:24:36.187 정보 [main] org.apache.catalina.core.ApplicationContext.log ContextListener: contextDestroyed()
